TN:
SF:contracts/CrossChainRelayUpgradeable.sol
FN:65,CrossChainRelayUpgradeable.initialize
FNDA:0,CrossChainRelayUpgradeable.initialize
DA:66,0
DA:67,0
DA:68,0
DA:69,0
DA:70,0
FN:75,CrossChainRelayUpgradeable.updateEndpoint
FNDA:0,CrossChainRelayUpgradeable.updateEndpoint
DA:76,0
DA:77,0
FN:80,CrossChainRelayUpgradeable._authorizeUpgrade
FNDA:0,CrossChainRelayUpgradeable._authorizeUpgrade
FN:82,CrossChainRelayUpgradeable.upgradeTo
FNDA:0,CrossChainRelayUpgradeable.upgradeTo
DA:83,0
FN:92,CrossChainRelayUpgradeable.withdrawNativeToken
FNDA:0,CrossChainRelayUpgradeable.withdrawNativeToken
DA:93,0
FN:99,CrossChainRelayUpgradeable.withdrawToken
FNDA:0,CrossChainRelayUpgradeable.withdrawToken
DA:100,0
FN:105,CrossChainRelayUpgradeable.setSrcChainId
FNDA:0,CrossChainRelayUpgradeable.setSrcChainId
DA:106,0
FN:111,CrossChainRelayUpgradeable.addCaller
FNDA:0,CrossChainRelayUpgradeable.addCaller
DA:112,0
FN:117,CrossChainRelayUpgradeable.removeCaller
FNDA:0,CrossChainRelayUpgradeable.removeCaller
DA:118,0
FN:124,CrossChainRelayUpgradeable.addChainIdMapping
FNDA:0,CrossChainRelayUpgradeable.addChainIdMapping
DA:125,0
DA:126,0
FN:133,CrossChainRelayUpgradeable.addCrossChainManagerMapping
FNDA:0,CrossChainRelayUpgradeable.addCrossChainManagerMapping
DA:134,0
FN:141,CrossChainRelayUpgradeable.addCrossChainRelayMapping
FNDA:0,CrossChainRelayUpgradeable.addCrossChainRelayMapping
DA:142,0
FN:147,CrossChainRelayUpgradeable.setManagerAddress
FNDA:0,CrossChainRelayUpgradeable.setManagerAddress
DA:148,0
DA:149,0
FN:155,CrossChainRelayUpgradeable.addFlowGasLimitMapping
FNDA:0,CrossChainRelayUpgradeable.addFlowGasLimitMapping
DA:156,0
FN:163,CrossChainRelayUpgradeable.estimateGasFee
FNDA:0,CrossChainRelayUpgradeable.estimateGasFee
DA:169,0
DA:170,0
BRDA:170,0,0,-
BRDA:170,0,1,-
DA:171,0
DA:172,0
DA:173,0
BRDA:173,1,0,-
BRDA:173,1,1,-
DA:174,0
DA:176,0
DA:177,0
DA:178,0
FN:184,CrossChainRelayUpgradeable.sendMessage
FNDA:0,CrossChainRelayUpgradeable.sendMessage
DA:190,0
DA:191,0
DA:192,0
BRDA:192,2,0,-
BRDA:192,2,1,-
DA:194,0
DA:195,0
DA:196,0
BRDA:196,3,0,-
BRDA:196,3,1,-
DA:197,0
DA:199,0
DA:201,0
DA:202,0
DA:203,0
FN:209,CrossChainRelayUpgradeable.sendMessageWithFee
FNDA:0,CrossChainRelayUpgradeable.sendMessageWithFee
DA:215,0
DA:216,0
DA:217,0
BRDA:217,4,0,-
BRDA:217,4,1,-
DA:219,0
DA:220,0
DA:221,0
BRDA:221,5,0,-
BRDA:221,5,1,-
DA:222,0
DA:224,0
DA:226,0
FN:231,CrossChainRelayUpgradeable.ping
FNDA:0,CrossChainRelayUpgradeable.ping
DA:232,0
DA:241,0
FN:246,CrossChainRelayUpgradeable.pingPong
FNDA:0,CrossChainRelayUpgradeable.pingPong
DA:247,0
DA:256,0
FN:262,CrossChainRelayUpgradeable.receiveMessage
FNDA:0,CrossChainRelayUpgradeable.receiveMessage
DA:268,0
DA:269,0
BRDA:269,6,0,-
BRDA:269,6,1,-
DA:271,0
DA:272,0
DA:273,0
BRDA:273,7,0,-
BRDA:273,7,1,-
DA:274,0
DA:276,0
FN:283,CrossChainRelayUpgradeable._blockingLzReceive
FNDA:0,CrossChainRelayUpgradeable._blockingLzReceive
DA:288,0
DA:289,0
BRDA:289,8,0,-
BRDA:289,8,1,-
DA:290,0
DA:291,0
DA:293,0
DA:295,0
FNF:21
FNH:0
LF:66
LH:0
BRF:18
BRH:0
end_of_record
TN:
SF:contracts/LedgerCrossChainManagerUpgradeable.sol
FN:39,DecimalManager.setTokenDecimal
FNDA:0,DecimalManager.setTokenDecimal
DA:40,0
FN:46,DecimalManager.getTokenDecimal
FNDA:0,DecimalManager.getTokenDecimal
DA:47,0
FN:54,DecimalManager.convertDecimal
FNDA:0,DecimalManager.convertDecimal
DA:59,0
BRDA:59,0,0,-
BRDA:59,0,1,-
DA:60,0
DA:61,0
BRDA:61,1,0,-
BRDA:61,1,1,-
DA:62,0
DA:64,0
FN:73,DecimalManager.convertDecimal
FNDA:0,DecimalManager.convertDecimal
DA:78,0
DA:79,0
DA:80,0
FN:104,LedgerCrossChainManagerUpgradeable.initialize
FNDA:0,LedgerCrossChainManagerUpgradeable.initialize
DA:105,0
DA:106,0
FN:109,LedgerCrossChainManagerUpgradeable._authorizeUpgrade
FNDA:0,LedgerCrossChainManagerUpgradeable._authorizeUpgrade
FN:111,LedgerCrossChainManagerUpgradeable.upgradeTo
FNDA:0,LedgerCrossChainManagerUpgradeable.upgradeTo
DA:112,0
FN:117,LedgerCrossChainManagerUpgradeable.setChainId
FNDA:0,LedgerCrossChainManagerUpgradeable.setChainId
DA:118,0
FN:123,LedgerCrossChainManagerUpgradeable.setLedger
FNDA:0,LedgerCrossChainManagerUpgradeable.setLedger
DA:124,0
FN:129,LedgerCrossChainManagerUpgradeable.setCrossChainRelay
FNDA:0,LedgerCrossChainManagerUpgradeable.setCrossChainRelay
DA:130,0
FN:135,LedgerCrossChainManagerUpgradeable.setOperatorManager
FNDA:0,LedgerCrossChainManagerUpgradeable.setOperatorManager
DA:136,0
FN:142,LedgerCrossChainManagerUpgradeable.setVaultCrossChainManager
FNDA:0,LedgerCrossChainManagerUpgradeable.setVaultCrossChainManager
DA:143,0
FN:148,LedgerCrossChainManagerUpgradeable.deposit
FNDA:0,LedgerCrossChainManagerUpgradeable.deposit
DA:149,0
DA:150,0
FN:156,LedgerCrossChainManagerUpgradeable.receiveMessage
FNDA:0,LedgerCrossChainManagerUpgradeable.receiveMessage
DA:160,0
BRDA:160,0,0,-
BRDA:160,0,1,-
DA:161,0
BRDA:161,1,0,-
BRDA:161,1,1,-
DA:162,0
BRDA:162,2,0,-
BRDA:162,2,1,-
DA:163,0
DA:165,0
DA:167,0
DA:177,0
DA:178,0
BRDA:178,3,0,-
BRDA:178,3,1,-
DA:179,0
DA:182,0
BRDA:182,4,0,-
BRDA:182,4,1,-
DA:183,0
DA:184,0
DA:187,0
DA:188,0
DA:190,0
DA:202,0
DA:204,0
FN:210,LedgerCrossChainManagerUpgradeable.withdraw
FNDA:0,LedgerCrossChainManagerUpgradeable.withdraw
DA:212,0
BRDA:212,5,0,-
BRDA:212,5,1,-
DA:214,0
DA:225,0
DA:226,0
DA:227,0
DA:228,0
DA:229,0
DA:231,0
DA:233,0
FN:238,LedgerCrossChainManagerUpgradeable.sendTestWithdraw
FNDA:0,LedgerCrossChainManagerUpgradeable.sendTestWithdraw
DA:239,0
DA:254,0
DA:265,0
DA:266,0
DA:267,0
DA:268,0
DA:269,0
DA:271,0
DA:273,0
FN:278,LedgerCrossChainManagerUpgradeable.withdrawFinish
FNDA:0,LedgerCrossChainManagerUpgradeable.withdrawFinish
DA:279,0
FN:283,LedgerCrossChainManagerUpgradeable.getVersion
FNDA:0,LedgerCrossChainManagerUpgradeable.getVersion
DA:284,0
FN:288,LedgerCrossChainManagerUpgradeable.getRole
FNDA:0,LedgerCrossChainManagerUpgradeable.getRole
DA:289,0
FNF:19
FNH:0
LF:58
LH:0
BRF:16
BRH:0
end_of_record
TN:
SF:contracts/VaultCrossChainManagerUpgradeable.sol
FN:38,VaultCrossChainManagerUpgradeable.initialize
FNDA:0,VaultCrossChainManagerUpgradeable.initialize
DA:39,0
DA:40,0
FN:43,VaultCrossChainManagerUpgradeable._authorizeUpgrade
FNDA:0,VaultCrossChainManagerUpgradeable._authorizeUpgrade
FN:45,VaultCrossChainManagerUpgradeable.upgradeTo
FNDA:0,VaultCrossChainManagerUpgradeable.upgradeTo
DA:46,0
FN:51,VaultCrossChainManagerUpgradeable.setChainId
FNDA:0,VaultCrossChainManagerUpgradeable.setChainId
DA:52,0
FN:57,VaultCrossChainManagerUpgradeable.setVault
FNDA:0,VaultCrossChainManagerUpgradeable.setVault
DA:58,0
FN:63,VaultCrossChainManagerUpgradeable.setCrossChainRelay
FNDA:0,VaultCrossChainManagerUpgradeable.setCrossChainRelay
DA:64,0
FN:69,VaultCrossChainManagerUpgradeable.setLedgerCrossChainManager
FNDA:0,VaultCrossChainManagerUpgradeable.setLedgerCrossChainManager
DA:70,0
DA:71,0
FN:77,VaultCrossChainManagerUpgradeable.receiveMessage
FNDA:0,VaultCrossChainManagerUpgradeable.receiveMessage
DA:81,0
BRDA:81,0,0,-
BRDA:81,0,1,-
DA:82,0
BRDA:82,1,0,-
BRDA:82,1,1,-
DA:84,0
DA:87,0
BRDA:87,2,0,-
BRDA:87,2,1,-
DA:88,0
DA:90,0
DA:100,0
FN:106,VaultCrossChainManagerUpgradeable._sendWithdrawToVault
FNDA:0,VaultCrossChainManagerUpgradeable._sendWithdrawToVault
DA:107,0
FN:112,VaultCrossChainManagerUpgradeable.getDepositFee
FNDA:0,VaultCrossChainManagerUpgradeable.getDepositFee
DA:113,0
DA:122,0
DA:124,0
FN:129,VaultCrossChainManagerUpgradeable.deposit
FNDA:0,VaultCrossChainManagerUpgradeable.deposit
DA:130,0
BRDA:130,3,0,-
BRDA:130,3,1,-
DA:131,0
DA:141,0
DA:143,0
FN:149,VaultCrossChainManagerUpgradeable.depositWithFee
FNDA:0,VaultCrossChainManagerUpgradeable.depositWithFee
DA:150,0
BRDA:150,4,0,-
BRDA:150,4,1,-
DA:151,0
BRDA:151,5,0,-
BRDA:151,5,1,-
DA:152,0
DA:162,0
DA:164,0
FN:169,VaultCrossChainManagerUpgradeable.withdraw
FNDA:0,VaultCrossChainManagerUpgradeable.withdraw
DA:170,0
BRDA:170,6,0,-
BRDA:170,6,1,-
DA:171,0
DA:181,0
DA:183,0
FN:187,VaultCrossChainManagerUpgradeable._sendTestWithdrawBack
FNDA:0,VaultCrossChainManagerUpgradeable._sendTestWithdrawBack
DA:188,0
DA:198,0
DA:208,0
DA:210,0
FN:214,VaultCrossChainManagerUpgradeable.getVersion
FNDA:0,VaultCrossChainManagerUpgradeable.getVersion
DA:215,0
FN:219,VaultCrossChainManagerUpgradeable.getRole
FNDA:0,VaultCrossChainManagerUpgradeable.getRole
DA:220,0
FNF:16
FNH:0
LF:38
LH:0
BRF:14
BRH:0
end_of_record
TN:
SF:contracts/layerzero/libraries/LzLib.sol
FN:21,LzLib.buildAdapterParams
FNDA:0,LzLib.buildAdapterParams
DA:22,0
BRDA:22,0,0,-
BRDA:22,0,1,-
DA:23,0
DA:25,0
FN:30,LzLib.buildDefaultAdapterParams
FNDA:0,LzLib.buildDefaultAdapterParams
DA:34,0
FN:37,LzLib.buildAirdropAdapterParams
FNDA:0,LzLib.buildAirdropAdapterParams
DA:38,0
BRDA:38,1,0,-
BRDA:38,1,1,-
DA:39,0
BRDA:39,2,0,-
BRDA:39,2,1,-
DA:44,0
FN:47,LzLib.getGasLimit
FNDA:0,LzLib.getGasLimit
DA:48,0
BRDA:48,3,0,-
BRDA:48,3,1,-
DA:50,0
FN:55,LzLib.decodeAdapterParams
FNDA:0,LzLib.decodeAdapterParams
DA:56,0
BRDA:56,4,0,-
BRDA:56,4,1,-
DA:58,0
DA:59,0
DA:61,0
BRDA:61,5,0,-
BRDA:61,5,1,-
DA:62,0
BRDA:62,6,0,-
BRDA:62,6,1,-
DA:64,0
BRDA:64,7,0,-
BRDA:64,7,1,-
DA:66,0
DA:67,0
FN:74,LzLib.bytes32ToAddress
FNDA:0,LzLib.bytes32ToAddress
DA:75,0
FN:78,LzLib.addressToBytes32
FNDA:0,LzLib.addressToBytes32
DA:79,0
FNF:7
FNH:0
LF:19
LH:0
BRF:16
BRH:0
end_of_record
TN:
SF:contracts/layerzero/lzApp/LzApp.sol
FN:36,LzApp.lzReceive
FNDA:0,LzApp.lzReceive
DA:38,0
BRDA:38,0,0,-
BRDA:38,0,1,-
DA:40,0
DA:42,0
BRDA:42,1,0,-
BRDA:42,1,1,-
DA:44,0
FN:50,LzApp._lzSend
FNDA:0,LzApp._lzSend
DA:51,0
DA:52,0
BRDA:52,2,0,-
BRDA:52,2,1,-
DA:53,0
DA:54,0
FN:57,LzApp._checkGasLimit
FNDA:0,LzApp._checkGasLimit
DA:58,0
DA:59,0
DA:60,0
BRDA:60,3,0,-
BRDA:60,3,1,-
DA:61,0
BRDA:61,4,0,-
BRDA:61,4,1,-
FN:64,LzApp._getGasLimit
FNDA:0,LzApp._getGasLimit
DA:65,0
BRDA:65,5,0,-
BRDA:65,5,1,-
DA:67,0
FN:71,LzApp._checkPayloadSize
FNDA:0,LzApp._checkPayloadSize
DA:72,0
DA:73,0
BRDA:73,6,0,-
BRDA:73,6,1,-
DA:74,0
DA:76,0
BRDA:76,7,0,-
BRDA:76,7,1,-
FN:80,LzApp.getConfig
FNDA:0,LzApp.getConfig
DA:81,0
FN:85,LzApp.setConfig
FNDA:0,LzApp.setConfig
DA:86,0
FN:89,LzApp.setSendVersion
FNDA:0,LzApp.setSendVersion
DA:90,0
FN:93,LzApp.setReceiveVersion
FNDA:0,LzApp.setReceiveVersion
DA:94,0
FN:97,LzApp.forceResumeReceive
FNDA:0,LzApp.forceResumeReceive
DA:98,0
FN:103,LzApp.setTrustedRemote
FNDA:0,LzApp.setTrustedRemote
DA:104,0
DA:105,0
FN:108,LzApp.setTrustedRemoteAddress
FNDA:0,LzApp.setTrustedRemoteAddress
DA:109,0
DA:110,0
FN:113,LzApp.getTrustedRemoteAddress
FNDA:0,LzApp.getTrustedRemoteAddress
DA:114,0
DA:115,0
BRDA:115,8,0,-
BRDA:115,8,1,-
DA:116,0
FN:119,LzApp.setPrecrime
FNDA:0,LzApp.setPrecrime
DA:120,0
DA:121,0
FN:124,LzApp.setMinDstGas
FNDA:0,LzApp.setMinDstGas
DA:125,0
BRDA:125,9,0,-
BRDA:125,9,1,-
DA:126,0
DA:127,0
FN:131,LzApp.setPayloadSizeLimit
FNDA:0,LzApp.setPayloadSizeLimit
DA:132,0
FN:136,LzApp.isTrustedRemote
FNDA:0,LzApp.isTrustedRemote
DA:137,0
DA:138,0
FNF:17
FNH:0
LF:38
LH:0
BRF:20
BRH:0
end_of_record
TN:
SF:contracts/layerzero/lzApp/LzAppUpgradeable.sol
FN:38,LzAppUpgradeable.__LzApp_init
FNDA:0,LzAppUpgradeable.__LzApp_init
DA:39,0
FN:42,LzAppUpgradeable.lzReceive
FNDA:0,LzAppUpgradeable.lzReceive
DA:48,0
BRDA:48,0,0,-
BRDA:48,0,1,-
DA:50,0
DA:52,0
BRDA:52,1,0,-
BRDA:52,1,1,-
DA:58,0
FN:66,LzAppUpgradeable._lzSend
FNDA:0,LzAppUpgradeable._lzSend
DA:74,0
DA:75,0
BRDA:75,2,0,-
BRDA:75,2,1,-
DA:76,0
DA:77,0
FN:82,LzAppUpgradeable._checkGasLimit
FNDA:0,LzAppUpgradeable._checkGasLimit
DA:87,0
DA:88,0
DA:89,0
BRDA:89,3,0,-
BRDA:89,3,1,-
DA:90,0
BRDA:90,4,0,-
BRDA:90,4,1,-
FN:93,LzAppUpgradeable._getGasLimit
FNDA:0,LzAppUpgradeable._getGasLimit
DA:94,0
BRDA:94,5,0,-
BRDA:94,5,1,-
DA:96,0
FN:100,LzAppUpgradeable._checkPayloadSize
FNDA:0,LzAppUpgradeable._checkPayloadSize
DA:101,0
DA:102,0
BRDA:102,6,0,-
BRDA:102,6,1,-
DA:104,0
DA:106,0
BRDA:106,7,0,-
BRDA:106,7,1,-
FN:110,LzAppUpgradeable.getConfig
FNDA:0,LzAppUpgradeable.getConfig
DA:115,0
FN:119,LzAppUpgradeable.setConfig
FNDA:0,LzAppUpgradeable.setConfig
DA:124,0
FN:127,LzAppUpgradeable.setSendVersion
FNDA:0,LzAppUpgradeable.setSendVersion
DA:128,0
FN:131,LzAppUpgradeable.setReceiveVersion
FNDA:0,LzAppUpgradeable.setReceiveVersion
DA:132,0
FN:135,LzAppUpgradeable.forceResumeReceive
FNDA:0,LzAppUpgradeable.forceResumeReceive
DA:136,0
FN:141,LzAppUpgradeable.setTrustedRemote
FNDA:0,LzAppUpgradeable.setTrustedRemote
DA:142,0
DA:143,0
FN:146,LzAppUpgradeable.setTrustedRemoteAddress
FNDA:0,LzAppUpgradeable.setTrustedRemoteAddress
DA:147,0
DA:148,0
FN:151,LzAppUpgradeable.getTrustedRemoteAddress
FNDA:0,LzAppUpgradeable.getTrustedRemoteAddress
DA:152,0
DA:153,0
BRDA:153,8,0,-
BRDA:153,8,1,-
DA:154,0
FN:157,LzAppUpgradeable.setPrecrime
FNDA:0,LzAppUpgradeable.setPrecrime
DA:158,0
DA:159,0
FN:162,LzAppUpgradeable.setMinDstGas
FNDA:0,LzAppUpgradeable.setMinDstGas
DA:163,0
BRDA:163,9,0,-
BRDA:163,9,1,-
DA:164,0
DA:165,0
FN:169,LzAppUpgradeable.setPayloadSizeLimit
FNDA:0,LzAppUpgradeable.setPayloadSizeLimit
DA:170,0
FN:174,LzAppUpgradeable.isTrustedRemote
FNDA:0,LzAppUpgradeable.isTrustedRemote
DA:175,0
DA:176,0
FNF:18
FNH:0
LF:39
LH:0
BRF:20
BRH:0
end_of_record
TN:
SF:contracts/layerzero/lzApp/NonblockingLzApp.sol
FN:24,NonblockingLzApp._blockingLzReceive
FNDA:0,NonblockingLzApp._blockingLzReceive
DA:25,0
DA:27,0
BRDA:27,0,0,-
BRDA:27,0,1,-
DA:28,0
FN:32,NonblockingLzApp._storeFailedMessage
FNDA:0,NonblockingLzApp._storeFailedMessage
DA:33,0
DA:34,0
FN:37,NonblockingLzApp.nonblockingLzReceive
FNDA:0,NonblockingLzApp.nonblockingLzReceive
DA:39,0
BRDA:39,1,0,-
BRDA:39,1,1,-
DA:40,0
FN:46,NonblockingLzApp.retryMessage
FNDA:0,NonblockingLzApp.retryMessage
DA:48,0
DA:49,0
BRDA:49,2,0,-
BRDA:49,2,1,-
DA:50,0
BRDA:50,3,0,-
BRDA:50,3,1,-
DA:52,0
DA:54,0
DA:55,0
FNF:4
FNH:0
LF:13
LH:0
BRF:8
BRH:0
end_of_record
TN:
SF:contracts/layerzero/util/BytesLib.sol
FN:13,BytesLib.concat
FNDA:0,BytesLib.concat
DA:21,0
DA:26,0
DA:58,0
DA:63,0
DA:66,0
DA:88,0
FN:91,BytesLib.concatStorage
FNDA:0,BytesLib.concatStorage
FN:228,BytesLib.slice
FNDA:0,BytesLib.slice
DA:237,0
BRDA:237,0,0,-
BRDA:237,0,1,-
DA:238,0
BRDA:238,1,0,-
BRDA:238,1,1,-
DA:240,0
DA:294,0
FN:297,BytesLib.toAddress
FNDA:0,BytesLib.toAddress
DA:298,0
BRDA:298,2,0,-
BRDA:298,2,1,-
DA:299,0
DA:302,0
DA:305,0
FN:308,BytesLib.toUint8
FNDA:0,BytesLib.toUint8
DA:309,0
BRDA:309,3,0,-
BRDA:309,3,1,-
DA:310,0
DA:313,0
DA:316,0
FN:319,BytesLib.toUint16
FNDA:0,BytesLib.toUint16
DA:320,0
BRDA:320,4,0,-
BRDA:320,4,1,-
DA:321,0
DA:324,0
DA:327,0
FN:330,BytesLib.toUint32
FNDA:0,BytesLib.toUint32
DA:331,0
BRDA:331,5,0,-
BRDA:331,5,1,-
DA:332,0
DA:335,0
DA:338,0
FN:341,BytesLib.toUint64
FNDA:0,BytesLib.toUint64
DA:342,0
BRDA:342,6,0,-
BRDA:342,6,1,-
DA:343,0
DA:346,0
DA:349,0
FN:352,BytesLib.toUint96
FNDA:0,BytesLib.toUint96
DA:353,0
BRDA:353,7,0,-
BRDA:353,7,1,-
DA:354,0
DA:357,0
DA:360,0
FN:363,BytesLib.toUint128
FNDA:0,BytesLib.toUint128
DA:364,0
BRDA:364,8,0,-
BRDA:364,8,1,-
DA:365,0
DA:368,0
DA:371,0
FN:374,BytesLib.toUint256
FNDA:0,BytesLib.toUint256
DA:375,0
BRDA:375,9,0,-
BRDA:375,9,1,-
DA:376,0
DA:379,0
DA:382,0
FN:385,BytesLib.toBytes32
FNDA:0,BytesLib.toBytes32
DA:386,0
BRDA:386,10,0,-
BRDA:386,10,1,-
DA:387,0
DA:390,0
DA:393,0
FN:396,BytesLib.equal
FNDA:0,BytesLib.equal
DA:397,0
DA:436,0
FN:439,BytesLib.equalStorage
FNDA:0,BytesLib.equalStorage
DA:447,0
DA:508,0
FNF:14
FNH:0
LF:50
LH:0
BRF:22
BRH:0
end_of_record
TN:
SF:contracts/layerzero/util/ExcessivelySafeCall.sol
FN:23,ExcessivelySafeCall.excessivelySafeCall
FNDA:0,ExcessivelySafeCall.excessivelySafeCall
DA:30,0
DA:31,0
DA:32,0
DA:38,0
DA:48,0
DA:49,0
BRDA:49,0,0,-
DA:50,0
DA:57,0
FN:75,ExcessivelySafeCall.excessivelySafeStaticCall
FNDA:0,ExcessivelySafeCall.excessivelySafeStaticCall
DA:82,0
DA:83,0
DA:84,0
DA:90,0
DA:99,0
DA:100,0
BRDA:100,1,0,-
DA:101,0
DA:108,0
FN:120,ExcessivelySafeCall.swapSelector
FNDA:0,ExcessivelySafeCall.swapSelector
DA:124,0
BRDA:124,2,0,-
BRDA:124,2,1,-
DA:125,0
DA:131,0
DA:132,0
FNF:3
FNH:0
LF:20
LH:0
BRF:4
BRH:0
end_of_record
TN:
SF:contracts/utils/OrderlyCrossChainMessage.sol
FN:37,OrderlyCrossChainMessage.encodeMessageV1AndPayload
FNDA:0,OrderlyCrossChainMessage.encodeMessageV1AndPayload
DA:42,0
FN:46,OrderlyCrossChainMessage.decodeMessageV1AndPayload
FNDA:0,OrderlyCrossChainMessage.decodeMessageV1AndPayload
DA:47,0
DA:48,0
FNF:2
FNH:0
LF:3
LH:0
BRF:0
BRH:0
end_of_record
